<?xml version="1.0" encoding="UTF-8"?>
<!DOCTYPE coverage SYSTEM "http://cobertura.sourceforge.net/xml/coverage-04.dtd">
<coverage line-rate="1" branch-rate="0" lines-covered="2164" lines-valid="2164" branches-covered="0" branches-valid="0" complexity="205" version="0.4" timestamp="1710659556">
  <sources>
    <source>/app/src</source>
  </sources>
  <packages>
    <package name="Models/Backlog.php" line-rate="1" branch-rate="0" complexity="15">
      <classes>
        <class name="Playground\Matrix\Models\Backlog" filename="Models/Backlog.php" line-rate="1" branch-rate="0" complexity="15">
          <methods>
            <method name="casts" signature="" line-rate="1" branch-rate="0" complexity="1">
              <lines>
                <line number="234" hits="30"/>
                <line number="235" hits="30"/>
                <line number="236" hits="30"/>
                <line number="237" hits="30"/>
                <line number="238" hits="30"/>
                <line number="239" hits="30"/>
                <line number="240" hits="30"/>
                <line number="241" hits="30"/>
                <line number="242" hits="30"/>
                <line number="243" hits="30"/>
                <line number="244" hits="30"/>
                <line number="245" hits="30"/>
                <line number="246" hits="30"/>
                <line number="247" hits="30"/>
                <line number="248" hits="30"/>
                <line number="249" hits="30"/>
                <line number="250" hits="30"/>
                <line number="251" hits="30"/>
                <line number="252" hits="30"/>
                <line number="253" hits="30"/>
                <line number="254" hits="30"/>
                <line number="255" hits="30"/>
                <line number="256" hits="30"/>
                <line number="257" hits="30"/>
                <line number="258" hits="30"/>
                <line number="259" hits="30"/>
                <line number="260" hits="30"/>
                <line number="261" hits="30"/>
                <line number="262" hits="30"/>
                <line number="263" hits="30"/>
                <line number="264" hits="30"/>
                <line number="265" hits="30"/>
                <line number="266" hits="30"/>
                <line number="267" hits="30"/>
                <line number="268" hits="30"/>
                <line number="269" hits="30"/>
                <line number="270" hits="30"/>
                <line number="271" hits="30"/>
                <line number="272" hits="30"/>
                <line number="273" hits="30"/>
                <line number="274" hits="30"/>
                <line number="275" hits="30"/>
                <line number="276" hits="30"/>
                <line number="277" hits="30"/>
                <line number="278" hits="30"/>
                <line number="279" hits="30"/>
                <line number="280" hits="30"/>
                <line number="281" hits="30"/>
                <line number="282" hits="30"/>
                <line number="283" hits="30"/>
                <line number="284" hits="30"/>
                <line number="285" hits="30"/>
                <line number="286" hits="30"/>
                <line number="287" hits="30"/>
                <line number="288" hits="30"/>
                <line number="289" hits="30"/>
                <line number="290" hits="30"/>
                <line number="291" hits="30"/>
                <line number="292" hits="30"/>
                <line number="293" hits="30"/>
                <line number="294" hits="30"/>
                <line number="295" hits="30"/>
                <line number="296" hits="30"/>
                <line number="297" hits="30"/>
                <line number="298" hits="30"/>
                <line number="299" hits="30"/>
                <line number="300" hits="30"/>
                <line number="301" hits="30"/>
                <line number="302" hits="30"/>
                <line number="303" hits="30"/>
                <line number="304" hits="30"/>
                <line number="305" hits="30"/>
                <line number="306" hits="30"/>
                <line number="307" hits="30"/>
                <line number="308" hits="30"/>
                <line number="309" hits="30"/>
                <line number="310" hits="30"/>
                <line number="311" hits="30"/>
                <line number="312" hits="30"/>
                <line number="313" hits="30"/>
                <line number="314" hits="30"/>
                <line number="315" hits="30"/>
              </lines>
            </method>
            <method name="board" signature="" line-rate="1" branch-rate="0" complexity="1">
              <lines>
                <line number="323" hits="2"/>
                <line number="324" hits="2"/>
                <line number="325" hits="2"/>
                <line number="326" hits="2"/>
                <line number="327" hits="2"/>
              </lines>
            </method>
            <method name="epic" signature="" line-rate="1" branch-rate="0" complexity="1">
              <lines>
                <line number="335" hits="2"/>
                <line number="336" hits="2"/>
                <line number="337" hits="2"/>
                <line number="338" hits="2"/>
                <line number="339" hits="2"/>
              </lines>
            </method>
            <method name="flow" signature="" line-rate="1" branch-rate="0" complexity="1">
              <lines>
                <line number="347" hits="2"/>
                <line number="348" hits="2"/>
                <line number="349" hits="2"/>
                <line number="350" hits="2"/>
                <line number="351" hits="2"/>
              </lines>
            </method>
            <method name="milestone" signature="" line-rate="1" branch-rate="0" complexity="1">
              <lines>
                <line number="359" hits="2"/>
                <line number="360" hits="2"/>
                <line number="361" hits="2"/>
                <line number="362" hits="2"/>
                <line number="363" hits="2"/>
              </lines>
            </method>
            <method name="note" signature="" line-rate="1" branch-rate="0" complexity="1">
              <lines>
                <line number="371" hits="2"/>
                <line number="372" hits="2"/>
                <line number="373" hits="2"/>
                <line number="374" hits="2"/>
                <line number="375" hits="2"/>
              </lines>
            </method>
            <method name="project" signature="" line-rate="1" branch-rate="0" complexity="1">
              <lines>
                <line number="383" hits="2"/>
                <line number="384" hits="2"/>
                <line number="385" hits="2"/>
                <line number="386" hits="2"/>
                <line number="387" hits="2"/>
              </lines>
            </method>
            <method name="release" signature="" line-rate="1" branch-rate="0" complexity="1">
              <lines>
                <line number="395" hits="2"/>
                <line number="396" hits="2"/>
                <line number="397" hits="2"/>
                <line number="398" hits="2"/>
                <line number="399" hits="2"/>
              </lines>
            </method>
            <method name="roadmap" signature="" line-rate="1" branch-rate="0" complexity="1">
              <lines>
                <line number="407" hits="2"/>
                <line number="408" hits="2"/>
                <line number="409" hits="2"/>
                <line number="410" hits="2"/>
                <line number="411" hits="2"/>
              </lines>
            </method>
            <method name="source" signature="" line-rate="1" branch-rate="0" complexity="1">
              <lines>
                <line number="419" hits="2"/>
                <line number="420" hits="2"/>
                <line number="421" hits="2"/>
                <line number="422" hits="2"/>
                <line number="423" hits="2"/>
              </lines>
            </method>
            <method name="sprint" signature="" line-rate="1" branch-rate="0" complexity="1">
              <lines>
                <line number="431" hits="2"/>
                <line number="432" hits="2"/>
                <line number="433" hits="2"/>
                <line number="434" hits="2"/>
                <line number="435" hits="2"/>
              </lines>
            </method>
            <method name="tag" signature="" line-rate="1" branch-rate="0" complexity="1">
              <lines>
                <line number="443" hits="2"/>
                <line number="444" hits="2"/>
                <line number="445" hits="2"/>
                <line number="446" hits="2"/>
                <line number="447" hits="2"/>
              </lines>
            </method>
            <method name="team" signature="" line-rate="1" branch-rate="0" complexity="1">
              <lines>
                <line number="455" hits="2"/>
                <line number="456" hits="2"/>
                <line number="457" hits="2"/>
                <line number="458" hits="2"/>
                <line number="459" hits="2"/>
              </lines>
            </method>
            <method name="ticket" signature="" line-rate="1" branch-rate="0" complexity="1">
              <lines>
                <line number="467" hits="2"/>
                <line number="468" hits="2"/>
                <line number="469" hits="2"/>
                <line number="470" hits="2"/>
                <line number="471" hits="2"/>
              </lines>
            </method>
            <method name="version" signature="" line-rate="1" branch-rate="0" complexity="1">
              <lines>
                <line number="479" hits="2"/>
                <line number="480" hits="2"/>
                <line number="481" hits="2"/>
                <line number="482" hits="2"/>
                <line number="483" hits="2"/>
              </lines>
            </method>
          </methods>
          <lines>
            <line number="234" hits="30"/>
            <line number="235" hits="30"/>
            <line number="236" hits="30"/>
            <line number="237" hits="30"/>
            <line number="238" hits="30"/>
            <line number="239" hits="30"/>
            <line number="240" hits="30"/>
            <line number="241" hits="30"/>
            <line number="242" hits="30"/>
            <line number="243" hits="30"/>
            <line number="244" hits="30"/>
            <line number="245" hits="30"/>
            <line number="246" hits="30"/>
            <line number="247" hits="30"/>
            <line number="248" hits="30"/>
            <line number="249" hits="30"/>
            <line number="250" hits="30"/>
            <line number="251" hits="30"/>
            <line number="252" hits="30"/>
            <line number="253" hits="30"/>
            <line number="254" hits="30"/>
            <line number="255" hits="30"/>
            <line number="256" hits="30"/>
            <line number="257" hits="30"/>
            <line number="258" hits="30"/>
            <line number="259" hits="30"/>
            <line number="260" hits="30"/>
            <line number="261" hits="30"/>
            <line number="262" hits="30"/>
            <line number="263" hits="30"/>
            <line number="264" hits="30"/>
            <line number="265" hits="30"/>
            <line number="266" hits="30"/>
            <line number="267" hits="30"/>
            <line number="268" hits="30"/>
            <line number="269" hits="30"/>
            <line number="270" hits="30"/>
            <line number="271" hits="30"/>
            <line number="272" hits="30"/>
            <line number="273" hits="30"/>
            <line number="274" hits="30"/>
            <line number="275" hits="30"/>
            <line number="276" hits="30"/>
            <line number="277" hits="30"/>
            <line number="278" hits="30"/>
            <line number="279" hits="30"/>
            <line number="280" hits="30"/>
            <line number="281" hits="30"/>
            <line number="282" hits="30"/>
            <line number="283" hits="30"/>
            <line number="284" hits="30"/>
            <line number="285" hits="30"/>
            <line number="286" hits="30"/>
            <line number="287" hits="30"/>
            <line number="288" hits="30"/>
            <line number="289" hits="30"/>
            <line number="290" hits="30"/>
            <line number="291" hits="30"/>
            <line number="292" hits="30"/>
            <line number="293" hits="30"/>
            <line number="294" hits="30"/>
            <line number="295" hits="30"/>
            <line number="296" hits="30"/>
            <line number="297" hits="30"/>
            <line number="298" hits="30"/>
            <line number="299" hits="30"/>
            <line number="300" hits="30"/>
            <line number="301" hits="30"/>
            <line number="302" hits="30"/>
            <line number="303" hits="30"/>
            <line number="304" hits="30"/>
            <line number="305" hits="30"/>
            <line number="306" hits="30"/>
            <line number="307" hits="30"/>
            <line number="308" hits="30"/>
            <line number="309" hits="30"/>
            <line number="310" hits="30"/>
            <line number="311" hits="30"/>
            <line number="312" hits="30"/>
            <line number="313" hits="30"/>
            <line number="314" hits="30"/>
            <line number="315" hits="30"/>
            <line number="323" hits="2"/>
            <line number="324" hits="2"/>
            <line number="325" hits="2"/>
            <line number="326" hits="2"/>
            <line number="327" hits="2"/>
            <line number="335" hits="2"/>
            <line number="336" hits="2"/>
            <line number="337" hits="2"/>
            <line number="338" hits="2"/>
            <line number="339" hits="2"/>
            <line number="347" hits="2"/>
            <line number="348" hits="2"/>
            <line number="349" hits="2"/>
            <line number="350" hits="2"/>
            <line number="351" hits="2"/>
            <line number="359" hits="2"/>
            <line number="360" hits="2"/>
            <line number="361" hits="2"/>
            <line number="362" hits="2"/>
            <line number="363" hits="2"/>
            <line number="371" hits="2"/>
            <line number="372" hits="2"/>
            <line number="373" hits="2"/>
            <line number="374" hits="2"/>
            <line number="375" hits="2"/>
            <line number="383" hits="2"/>
            <line number="384" hits="2"/>
            <line number="385" hits="2"/>
            <line number="386" hits="2"/>
            <line number="387" hits="2"/>
            <line number="395" hits="2"/>
            <line number="396" hits="2"/>
            <line number="397" hits="2"/>
            <line number="398" hits="2"/>
            <line number="399" hits="2"/>
            <line number="407" hits="2"/>
            <line number="408" hits="2"/>
            <line number="409" hits="2"/>
            <line number="410" hits="2"/>
            <line number="411" hits="2"/>
            <line number="419" hits="2"/>
            <line number="420" hits="2"/>
            <line number="421" hits="2"/>
            <line number="422" hits="2"/>
            <line number="423" hits="2"/>
            <line number="431" hits="2"/>
            <line number="432" hits="2"/>
            <line number="433" hits="2"/>
            <line number="434" hits="2"/>
            <line number="435" hits="2"/>
            <line number="443" hits="2"/>
            <line number="444" hits="2"/>
            <line number="445" hits="2"/>
            <line number="446" hits="2"/>
            <line number="447" hits="2"/>
            <line number="455" hits="2"/>
            <line number="456" hits="2"/>
            <line number="457" hits="2"/>
            <line number="458" hits="2"/>
            <line number="459" hits="2"/>
            <line number="467" hits="2"/>
            <line number="468" hits="2"/>
            <line number="469" hits="2"/>
            <line number="470" hits="2"/>
            <line number="471" hits="2"/>
            <line number="479" hits="2"/>
            <line number="480" hits="2"/>
            <line number="481" hits="2"/>
            <line number="482" hits="2"/>
            <line number="483" hits="2"/>
          </lines>
        </class>
      </classes>
    </package>
    <package name="Models/Board.php" line-rate="1" branch-rate="0" complexity="14">
      <classes>
        <class name="Playground\Matrix\Models\Board" filename="Models/Board.php" line-rate="1" branch-rate="0" complexity="14">
          <methods>
            <method name="casts" signature="" line-rate="1" branch-rate="0" complexity="1">
              <lines>
                <line number="233" hits="30"/>
                <line number="234" hits="30"/>
                <line number="235" hits="30"/>
                <line number="236" hits="30"/>
                <line number="237" hits="30"/>
                <line number="238" hits="30"/>
                <line number="239" hits="30"/>
                <line number="240" hits="30"/>
                <line number="241" hits="30"/>
                <line number="242" hits="30"/>
                <line number="243" hits="30"/>
                <line number="244" hits="30"/>
                <line number="245" hits="30"/>
                <line number="246" hits="30"/>
                <line number="247" hits="30"/>
                <line number="248" hits="30"/>
                <line number="249" hits="30"/>
                <line number="250" hits="30"/>
                <line number="251" hits="30"/>
                <line number="252" hits="30"/>
                <line number="253" hits="30"/>
                <line number="254" hits="30"/>
                <line number="255" hits="30"/>
                <line number="256" hits="30"/>
                <line number="257" hits="30"/>
                <line number="258" hits="30"/>
                <line number="259" hits="30"/>
                <line number="260" hits="30"/>
                <line number="261" hits="30"/>
                <line number="262" hits="30"/>
                <line number="263" hits="30"/>
                <line number="264" hits="30"/>
                <line number="265" hits="30"/>
                <line number="266" hits="30"/>
                <line number="267" hits="30"/>
                <line number="268" hits="30"/>
                <line number="269" hits="30"/>
                <line number="270" hits="30"/>
                <line number="271" hits="30"/>
                <line number="272" hits="30"/>
                <line number="273" hits="30"/>
                <line number="274" hits="30"/>
                <line number="275" hits="30"/>
                <line number="276" hits="30"/>
                <line number="277" hits="30"/>
                <line number="278" hits="30"/>
                <line number="279" hits="30"/>
                <line number="280" hits="30"/>
                <line number="281" hits="30"/>
                <line number="282" hits="30"/>
                <line number="283" hits="30"/>
                <line number="284" hits="30"/>
                <line number="285" hits="30"/>
                <line number="286" hits="30"/>
                <line number="287" hits="30"/>
                <line number="288" hits="30"/>
                <line number="289" hits="30"/>
                <line number="290" hits="30"/>
                <line number="291" hits="30"/>
                <line number="292" hits="30"/>
                <line number="293" hits="30"/>
                <line number="294" hits="30"/>
                <line number="295" hits="30"/>
                <line number="296" hits="30"/>
                <line number="297" hits="30"/>
                <line number="298" hits="30"/>
                <line number="299" hits="30"/>
                <line number="300" hits="30"/>
                <line number="301" hits="30"/>
                <line number="302" hits="30"/>
                <line number="303" hits="30"/>
                <line number="304" hits="30"/>
                <line number="305" hits="30"/>
                <line number="306" hits="30"/>
                <line number="307" hits="30"/>
                <line number="308" hits="30"/>
                <line number="309" hits="30"/>
                <line number="310" hits="30"/>
                <line number="311" hits="30"/>
                <line number="312" hits="30"/>
                <line number="313" hits="30"/>
                <line number="314" hits="30"/>
              </lines>
            </method>
            <method name="backlog" signature="" line-rate="1" branch-rate="0" complexity="1">
              <lines>
                <line number="322" hits="2"/>
                <line number="323" hits="2"/>
                <line number="324" hits="2"/>
                <line number="325" hits="2"/>
                <line number="326" hits="2"/>
              </lines>
            </method>
            <method name="epic" signature="" line-rate="1" branch-rate="0" complexity="1">
              <lines>
                <line number="334" hits="2"/>
                <line number="335" hits="2"/>
                <line number="336" hits="2"/>
                <line number="337" hits="2"/>
                <line number="338" hits="2"/>
              </lines>
            </method>
            <method name="flow" signature="" line-rate="1" branch-rate="0" complexity="1">
              <lines>
                <line number="346" hits="2"/>
                <line number="347" hits="2"/>
                <line number="348" hits="2"/>
                <line number="349" hits="2"/>
                <line number="350" hits="2"/>
              </lines>
            </method>
            <method name="milestone" signature="" line-rate="1" branch-rate="0" complexity="1">
              <lines>
                <line number="358" hits="2"/>
                <line number="359" hits="2"/>
                <line number="360" hits="2"/>
                <line number="361" hits="2"/>
                <line number="362" hits="2"/>
              </lines>
            </method>
            <method name="project" signature="" line-rate="1" branch-rate="0" complexity="1">
              <lines>
                <line number="370" hits="2"/>
                <line number="371" hits="2"/>
                <line number="372" hits="2"/>
                <line number="373" hits="2"/>
                <line number="374" hits="2"/>
              </lines>
            </method>
            <method name="release" signature="" line-rate="1" branch-rate="0" complexity="1">
              <lines>
                <line number="382" hits="2"/>
                <line number="383" hits="2"/>
                <line number="384" hits="2"/>
                <line number="385" hits="2"/>
                <line number="386" hits="2"/>
              </lines>
            </method>
            <method name="roadmap" signature="" line-rate="1" branch-rate="0" complexity="1">
              <lines>
                <line number="394" hits="2"/>
                <line number="395" hits="2"/>
                <line number="396" hits="2"/>
                <line number="397" hits="2"/>
                <line number="398" hits="2"/>
              </lines>
            </method>
            <method name="source" signature="" line-rate="1" branch-rate="0" complexity="1">
              <lines>
                <line number="406" hits="2"/>
                <line number="407" hits="2"/>
                <line number="408" hits="2"/>
                <line number="409" hits="2"/>
                <line number="410" hits="2"/>
              </lines>
            </method>
            <method name="sprint" signature="" line-rate="1" branch-rate="0" complexity="1">
              <lines>
                <line number="418" hits="2"/>
                <line number="419" hits="2"/>
                <line number="420" hits="2"/>
                <line number="421" hits="2"/>
                <line number="422" hits="2"/>
              </lines>
            </method>
            <method name="tag" signature="" line-rate="1" branch-rate="0" complexity="1">
              <lines>
                <line number="430" hits="2"/>
                <line number="431" hits="2"/>
                <line number="432" hits="2"/>
                <line number="433" hits="2"/>
                <line number="434" hits="2"/>
              </lines>
            </method>
            <method name="team" signature="" line-rate="1" branch-rate="0" complexity="1">
              <lines>
                <line number="442" hits="2"/>
                <line number="443" hits="2"/>
                <line number="444" hits="2"/>
                <line number="445" hits="2"/>
                <line number="446" hits="2"/>
              </lines>
            </method>
            <method name="ticket" signature="" line-rate="1" branch-rate="0" complexity="1">
              <lines>
                <line number="454" hits="2"/>
                <line number="455" hits="2"/>
                <line number="456" hits="2"/>
                <line number="457" hits="2"/>
                <line number="458" hits="2"/>
              </lines>
            </method>
            <method name="version" signature="" line-rate="1" branch-rate="0" complexity="1">
              <lines>
                <line number="466" hits="2"/>
                <line number="467" hits="2"/>
                <line number="468" hits="2"/>
                <line number="469" hits="2"/>
                <line number="470" hits="2"/>
              </lines>
            </method>
          </methods>
          <lines>
            <line number="233" hits="30"/>
            <line number="234" hits="30"/>
            <line number="235" hits="30"/>
            <line number="236" hits="30"/>
            <line number="237" hits="30"/>
            <line number="238" hits="30"/>
            <line number="239" hits="30"/>
            <line number="240" hits="30"/>
            <line number="241" hits="30"/>
            <line number="242" hits="30"/>
            <line number="243" hits="30"/>
            <line number="244" hits="30"/>
            <line number="245" hits="30"/>
            <line number="246" hits="30"/>
            <line number="247" hits="30"/>
            <line number="248" hits="30"/>
            <line number="249" hits="30"/>
            <line number="250" hits="30"/>
            <line number="251" hits="30"/>
            <line number="252" hits="30"/>
            <line number="253" hits="30"/>
            <line number="254" hits="30"/>
            <line number="255" hits="30"/>
            <line number="256" hits="30"/>
            <line number="257" hits="30"/>
            <line number="258" hits="30"/>
            <line number="259" hits="30"/>
            <line number="260" hits="30"/>
            <line number="261" hits="30"/>
            <line number="262" hits="30"/>
            <line number="263" hits="30"/>
            <line number="264" hits="30"/>
            <line number="265" hits="30"/>
            <line number="266" hits="30"/>
            <line number="267" hits="30"/>
            <line number="268" hits="30"/>
            <line number="269" hits="30"/>
            <line number="270" hits="30"/>
            <line number="271" hits="30"/>
            <line number="272" hits="30"/>
            <line number="273" hits="30"/>
            <line number="274" hits="30"/>
            <line number="275" hits="30"/>
            <line number="276" hits="30"/>
            <line number="277" hits="30"/>
            <line number="278" hits="30"/>
            <line number="279" hits="30"/>
            <line number="280" hits="30"/>
            <line number="281" hits="30"/>
            <line number="282" hits="30"/>
            <line number="283" hits="30"/>
            <line number="284" hits="30"/>
            <line number="285" hits="30"/>
            <line number="286" hits="30"/>
            <line number="287" hits="30"/>
            <line number="288" hits="30"/>
            <line number="289" hits="30"/>
            <line number="290" hits="30"/>
            <line number="291" hits="30"/>
            <line number="292" hits="30"/>
            <line number="293" hits="30"/>
            <line number="294" hits="30"/>
            <line number="295" hits="30"/>
            <line number="296" hits="30"/>
            <line number="297" hits="30"/>
            <line number="298" hits="30"/>
            <line number="299" hits="30"/>
            <line number="300" hits="30"/>
            <line number="301" hits="30"/>
            <line number="302" hits="30"/>
            <line number="303" hits="30"/>
            <line number="304" hits="30"/>
            <line number="305" hits="30"/>
            <line number="306" hits="30"/>
            <line number="307" hits="30"/>
            <line number="308" hits="30"/>
            <line number="309" hits="30"/>
            <line number="310" hits="30"/>
            <line number="311" hits="30"/>
            <line number="312" hits="30"/>
            <line number="313" hits="30"/>
            <line number="314" hits="30"/>
            <line number="322" hits="2"/>
            <line number="323" hits="2"/>
            <line number="324" hits="2"/>
            <line number="325" hits="2"/>
            <line number="326" hits="2"/>
            <line number="334" hits="2"/>
            <line number="335" hits="2"/>
            <line number="336" hits="2"/>
            <line number="337" hits="2"/>
            <line number="338" hits="2"/>
            <line number="346" hits="2"/>
            <line number="347" hits="2"/>
            <line number="348" hits="2"/>
            <line number="349" hits="2"/>
            <line number="350" hits="2"/>
            <line number="358" hits="2"/>
            <line number="359" hits="2"/>
            <line number="360" hits="2"/>
            <line number="361" hits="2"/>
            <line number="362" hits="2"/>
            <line number="370" hits="2"/>
            <line number="371" hits="2"/>
            <line number="372" hits="2"/>
            <line number="373" hits="2"/>
            <line number="374" hits="2"/>
            <line number="382" hits="2"/>
            <line number="383" hits="2"/>
            <line number="384" hits="2"/>
            <line number="385" hits="2"/>
            <line number="386" hits="2"/>
            <line number="394" hits="2"/>
            <line number="395" hits="2"/>
            <line number="396" hits="2"/>
            <line number="397" hits="2"/>
            <line number="398" hits="2"/>
            <line number="406" hits="2"/>
            <line number="407" hits="2"/>
            <line number="408" hits="2"/>
            <line number="409" hits="2"/>
            <line number="410" hits="2"/>
            <line number="418" hits="2"/>
            <line number="419" hits="2"/>
            <line number="420" hits="2"/>
            <line number="421" hits="2"/>
            <line number="422" hits="2"/>
            <line number="430" hits="2"/>
            <line number="431" hits="2"/>
            <line number="432" hits="2"/>
            <line number="433" hits="2"/>
            <line number="434" hits="2"/>
            <line number="442" hits="2"/>
            <line number="443" hits="2"/>
            <line number="444" hits="2"/>
            <line number="445" hits="2"/>
            <line number="446" hits="2"/>
            <line number="454" hits="2"/>
            <line number="455" hits="2"/>
            <line number="456" hits="2"/>
            <line number="457" hits="2"/>
            <line number="458" hits="2"/>
            <line number="466" hits="2"/>
            <line number="467" hits="2"/>
            <line number="468" hits="2"/>
            <line number="469" hits="2"/>
            <line number="470" hits="2"/>
          </lines>
        </class>
      </classes>
    </package>
    <package name="Models/Epic.php" line-rate="1" branch-rate="0" complexity="14">
      <classes>
        <class name="Playground\Matrix\Models\Epic" filename="Models/Epic.php" line-rate="1" branch-rate="0" complexity="14">
          <methods>
            <method name="casts" signature="" line-rate="1" branch-rate="0" complexity="1">
              <lines>
                <line number="233" hits="30"/>
                <line number="234" hits="30"/>
                <line number="235" hits="30"/>
                <line number="236" hits="30"/>
                <line number="237" hits="30"/>
                <line number="238" hits="30"/>
                <line number="239" hits="30"/>
                <line number="240" hits="30"/>
                <line number="241" hits="30"/>
                <line number="242" hits="30"/>
                <line number="243" hits="30"/>
                <line number="244" hits="30"/>
                <line number="245" hits="30"/>
                <line number="246" hits="30"/>
                <line number="247" hits="30"/>
                <line number="248" hits="30"/>
                <line number="249" hits="30"/>
                <line number="250" hits="30"/>
                <line number="251" hits="30"/>
                <line number="252" hits="30"/>
                <line number="253" hits="30"/>
                <line number="254" hits="30"/>
                <line number="255" hits="30"/>
                <line number="256" hits="30"/>
                <line number="257" hits="30"/>
                <line number="258" hits="30"/>
                <line number="259" hits="30"/>
                <line number="260" hits="30"/>
                <line number="261" hits="30"/>
                <line number="262" hits="30"/>
                <line number="263" hits="30"/>
                <line number="264" hits="30"/>
                <line number="265" hits="30"/>
                <line number="266" hits="30"/>
                <line number="267" hits="30"/>
                <line number="268" hits="30"/>
                <line number="269" hits="30"/>
                <line number="270" hits="30"/>
                <line number="271" hits="30"/>
                <line number="272" hits="30"/>
                <line number="273" hits="30"/>
                <line number="274" hits="30"/>
                <line number="275" hits="30"/>
                <line number="276" hits="30"/>
                <line number="277" hits="30"/>
                <line number="278" hits="30"/>
                <line number="279" hits="30"/>
                <line number="280" hits="30"/>
                <line number="281" hits="30"/>
                <line number="282" hits="30"/>
                <line number="283" hits="30"/>
                <line number="284" hits="30"/>
                <line number="285" hits="30"/>
                <line number="286" hits="30"/>
                <line number="287" hits="30"/>
                <line number="288" hits="30"/>
                <line number="289" hits="30"/>
                <line number="290" hits="30"/>
                <line number="291" hits="30"/>
                <line number="292" hits="30"/>
                <line number="293" hits="30"/>
                <line number="294" hits="30"/>
                <line number="295" hits="30"/>
                <line number="296" hits="30"/>
                <line number="297" hits="30"/>
                <line number="298" hits="30"/>
                <line number="299" hits="30"/>
                <line number="300" hits="30"/>
                <line number="301" hits="30"/>
                <line number="302" hits="30"/>
                <line number="303" hits="30"/>
                <line number="304" hits="30"/>
                <line number="305" hits="30"/>
                <line number="306" hits="30"/>
                <line number="307" hits="30"/>
                <line number="308" hits="30"/>
                <line number="309" hits="30"/>
                <line number="310" hits="30"/>
                <line number="311" hits="30"/>
                <line number="312" hits="30"/>
                <line number="313" hits="30"/>
                <line number="314" hits="30"/>
              </lines>
            </method>
            <method name="backlog" signature="" line-rate="1" branch-rate="0" complexity="1">
              <lines>
                <line number="322" hits="2"/>
                <line number="323" hits="2"/>
                <line number="324" hits="2"/>
                <line number="325" hits="2"/>
                <line number="326" hits="2"/>
              </lines>
            </method>
            <method name="board" signature="" line-rate="1" branch-rate="0" complexity="1">
              <lines>
                <line number="334" hits="2"/>
                <line number="335" hits="2"/>
                <line number="336" hits="2"/>
                <line number="337" hits="2"/>
                <line number="338" hits="2"/>
              </lines>
            </method>
            <method name="flow" signature="" line-rate="1" branch-rate="0" complexity="1">
              <lines>
                <line number="346" hits="2"/>
                <line number="347" hits="2"/>
                <line number="348" hits="2"/>
                <line number="349" hits="2"/>
                <line number="350" hits="2"/>
              </lines>
            </method>
            <method name="milestone" signature="" line-rate="1" branch-rate="0" complexity="1">
              <lines>
                <line number="358" hits="2"/>
                <line number="359" hits="2"/>
                <line number="360" hits="2"/>
                <line number="361" hits="2"/>
                <line number="362" hits="2"/>
              </lines>
            </method>
            <method name="project" signature="" line-rate="1" branch-rate="0" complexity="1">
              <lines>
                <line number="370" hits="2"/>
                <line number="371" hits="2"/>
                <line number="372" hits="2"/>
                <line number="373" hits="2"/>
                <line number="374" hits="2"/>
              </lines>
            </method>
            <method name="release" signature="" line-rate="1" branch-rate="0" complexity="1">
              <lines>
                <line number="382" hits="2"/>
                <line number="383" hits="2"/>
                <line number="384" hits="2"/>
                <line number="385" hits="2"/>
                <line number="386" hits="2"/>
              </lines>
            </method>
            <method name="roadmap" signature="" line-rate="1" branch-rate="0" complexity="1">
              <lines>
                <line number="394" hits="2"/>
                <line number="395" hits="2"/>
                <line number="396" hits="2"/>
                <line number="397" hits="2"/>
                <line number="398" hits="2"/>
              </lines>
            </method>
            <method name="source" signature="" line-rate="1" branch-rate="0" complexity="1">
              <lines>
                <line number="406" hits="2"/>
                <line number="407" hits="2"/>
                <line number="408" hits="2"/>
                <line number="409" hits="2"/>
                <line number="410" hits="2"/>
              </lines>
            </method>
            <method name="sprint" signature="" line-rate="1" branch-rate="0" complexity="1">
              <lines>
                <line number="418" hits="2"/>
                <line number="419" hits="2"/>
                <line number="420" hits="2"/>
                <line number="421" hits="2"/>
                <line number="422" hits="2"/>
              </lines>
            </method>
            <method name="tag" signature="" line-rate="1" branch-rate="0" complexity="1">
              <lines>
                <line number="430" hits="2"/>
                <line number="431" hits="2"/>
                <line number="432" hits="2"/>
                <line number="433" hits="2"/>
                <line number="434" hits="2"/>
              </lines>
            </method>
            <method name="team" signature="" line-rate="1" branch-rate="0" complexity="1">
              <lines>
                <line number="442" hits="2"/>
                <line number="443" hits="2"/>
                <line number="444" hits="2"/>
                <line number="445" hits="2"/>
                <line number="446" hits="2"/>
              </lines>
            </method>
            <method name="ticket" signature="" line-rate="1" branch-rate="0" complexity="1">
              <lines>
                <line number="454" hits="2"/>
                <line number="455" hits="2"/>
                <line number="456" hits="2"/>
                <line number="457" hits="2"/>
                <line number="458" hits="2"/>
              </lines>
            </method>
            <method name="version" signature="" line-rate="1" branch-rate="0" complexity="1">
              <lines>
                <line number="466" hits="2"/>
                <line number="467" hits="2"/>
                <line number="468" hits="2"/>
                <line number="469" hits="2"/>
                <line number="470" hits="2"/>
              </lines>
            </method>
          </methods>
          <lines>
            <line number="233" hits="30"/>
            <line number="234" hits="30"/>
            <line number="235" hits="30"/>
            <line number="236" hits="30"/>
            <line number="237" hits="30"/>
            <line number="238" hits="30"/>
            <line number="239" hits="30"/>
            <line number="240" hits="30"/>
            <line number="241" hits="30"/>
            <line number="242" hits="30"/>
            <line number="243" hits="30"/>
            <line number="244" hits="30"/>
            <line number="245" hits="30"/>
            <line number="246" hits="30"/>
            <line number="247" hits="30"/>
            <line number="248" hits="30"/>
            <line number="249" hits="30"/>
            <line number="250" hits="30"/>
            <line number="251" hits="30"/>
            <line number="252" hits="30"/>
            <line number="253" hits="30"/>
            <line number="254" hits="30"/>
            <line number="255" hits="30"/>
            <line number="256" hits="30"/>
            <line number="257" hits="30"/>
            <line number="258" hits="30"/>
            <line number="259" hits="30"/>
            <line number="260" hits="30"/>
            <line number="261" hits="30"/>
            <line number="262" hits="30"/>
            <line number="263" hits="30"/>
            <line number="264" hits="30"/>
            <line number="265" hits="30"/>
            <line number="266" hits="30"/>
            <line number="267" hits="30"/>
            <line number="268" hits="30"/>
            <line number="269" hits="30"/>
            <line number="270" hits="30"/>
            <line number="271" hits="30"/>
            <line number="272" hits="30"/>
            <line number="273" hits="30"/>
            <line number="274" hits="30"/>
            <line number="275" hits="30"/>
            <line number="276" hits="30"/>
            <line number="277" hits="30"/>
            <line number="278" hits="30"/>
            <line number="279" hits="30"/>
            <line number="280" hits="30"/>
            <line number="281" hits="30"/>
            <line number="282" hits="30"/>
            <line number="283" hits="30"/>
            <line number="284" hits="30"/>
            <line number="285" hits="30"/>
            <line number="286" hits="30"/>
            <line number="287" hits="30"/>
            <line number="288" hits="30"/>
            <line number="289" hits="30"/>
            <line number="290" hits="30"/>
            <line number="291" hits="30"/>
            <line number="292" hits="30"/>
            <line number="293" hits="30"/>
            <line number="294" hits="30"/>
            <line number="295" hits="30"/>
            <line number="296" hits="30"/>
            <line number="297" hits="30"/>
            <line number="298" hits="30"/>
            <line number="299" hits="30"/>
            <line number="300" hits="30"/>
            <line number="301" hits="30"/>
            <line number="302" hits="30"/>
            <line number="303" hits="30"/>
            <line number="304" hits="30"/>
            <line number="305" hits="30"/>
            <line number="306" hits="30"/>
            <line number="307" hits="30"/>
            <line number="308" hits="30"/>
            <line number="309" hits="30"/>
            <line number="310" hits="30"/>
            <line number="311" hits="30"/>
            <line number="312" hits="30"/>
            <line number="313" hits="30"/>
            <line number="314" hits="30"/>
            <line number="322" hits="2"/>
            <line number="323" hits="2"/>
            <line number="324" hits="2"/>
            <line number="325" hits="2"/>
            <line number="326" hits="2"/>
            <line number="334" hits="2"/>
            <line number="335" hits="2"/>
            <line number="336" hits="2"/>
            <line number="337" hits="2"/>
            <line number="338" hits="2"/>
            <line number="346" hits="2"/>
            <line number="347" hits="2"/>
            <line number="348" hits="2"/>
            <line number="349" hits="2"/>
            <line number="350" hits="2"/>
            <line number="358" hits="2"/>
            <line number="359" hits="2"/>
            <line number="360" hits="2"/>
            <line number="361" hits="2"/>
            <line number="362" hits="2"/>
            <line number="370" hits="2"/>
            <line number="371" hits="2"/>
            <line number="372" hits="2"/>
            <line number="373" hits="2"/>
            <line number="374" hits="2"/>
            <line number="382" hits="2"/>
            <line number="383" hits="2"/>
            <line number="384" hits="2"/>
            <line number="385" hits="2"/>
            <line number="386" hits="2"/>
            <line number="394" hits="2"/>
            <line number="395" hits="2"/>
            <line number="396" hits="2"/>
            <line number="397" hits="2"/>
            <line number="398" hits="2"/>
            <line number="406" hits="2"/>
            <line number="407" hits="2"/>
            <line number="408" hits="2"/>
            <line number="409" hits="2"/>
            <line number="410" hits="2"/>
            <line number="418" hits="2"/>
            <line number="419" hits="2"/>
            <line number="420" hits="2"/>
            <line number="421" hits="2"/>
            <line number="422" hits="2"/>
            <line number="430" hits="2"/>
            <line number="431" hits="2"/>
            <line number="432" hits="2"/>
            <line number="433" hits="2"/>
            <line number="434" hits="2"/>
            <line number="442" hits="2"/>
            <line number="443" hits="2"/>
            <line number="444" hits="2"/>
            <line number="445" hits="2"/>
            <line number="446" hits="2"/>
            <line number="454" hits="2"/>
            <line number="455" hits="2"/>
            <line number="456" hits="2"/>
            <line number="457" hits="2"/>
            <line number="458" hits="2"/>
            <line number="466" hits="2"/>
            <line number="467" hits="2"/>
            <line number="468" hits="2"/>
            <line number="469" hits="2"/>
            <line number="470" hits="2"/>
          </lines>
        </class>
      </classes>
    </package>
    <package name="Models/Flow.php" line-rate="1" branch-rate="0" complexity="4">
      <classes>
        <class name="Playground\Matrix\Models\Flow" filename="Models/Flow.php" line-rate="1" branch-rate="0" complexity="4">
          <methods>
            <method name="casts" signature="" line-rate="1" branch-rate="0" complexity="1">
              <lines>
                <line number="203" hits="32"/>
                <line number="204" hits="32"/>
                <line number="205" hits="32"/>
                <line number="206" hits="32"/>
                <line number="207" hits="32"/>
                <line number="208" hits="32"/>
                <line number="209" hits="32"/>
                <line number="210" hits="32"/>
                <line number="211" hits="32"/>
                <line number="212" hits="32"/>
                <line number="213" hits="32"/>
                <line number="214" hits="32"/>
                <line number="215" hits="32"/>
                <line number="216" hits="32"/>
                <line number="217" hits="32"/>
                <line number="218" hits="32"/>
                <line number="219" hits="32"/>
                <line number="220" hits="32"/>
                <line number="221" hits="32"/>
                <line number="222" hits="32"/>
                <line number="223" hits="32"/>
                <line number="224" hits="32"/>
                <line number="225" hits="32"/>
                <line number="226" hits="32"/>
                <line number="227" hits="32"/>
                <line number="228" hits="32"/>
                <line number="229" hits="32"/>
                <line number="230" hits="32"/>
                <line number="231" hits="32"/>
                <line number="232" hits="32"/>
                <line number="233" hits="32"/>
                <line number="234" hits="32"/>
                <line number="235" hits="32"/>
                <line number="236" hits="32"/>
                <line number="237" hits="32"/>
                <line number="238" hits="32"/>
                <line number="239" hits="32"/>
                <line number="240" hits="32"/>
                <line number="241" hits="32"/>
                <line number="242" hits="32"/>
                <line number="243" hits="32"/>
                <line number="244" hits="32"/>
                <line number="245" hits="32"/>
                <line number="246" hits="32"/>
                <line number="247" hits="32"/>
                <line number="248" hits="32"/>
                <line number="249" hits="32"/>
                <line number="250" hits="32"/>
                <line number="251" hits="32"/>
                <line number="252" hits="32"/>
                <line number="253" hits="32"/>
                <line number="254" hits="32"/>
                <line number="255" hits="32"/>
                <line number="256" hits="32"/>
                <line number="257" hits="32"/>
                <line number="258" hits="32"/>
                <line number="259" hits="32"/>
                <line number="260" hits="32"/>
                <line number="261" hits="32"/>
                <line number="262" hits="32"/>
                <line number="263" hits="32"/>
                <line number="264" hits="32"/>
                <line number="265" hits="32"/>
                <line number="266" hits="32"/>
                <line number="267" hits="32"/>
                <line number="268" hits="32"/>
                <line number="269" hits="32"/>
                <line number="270" hits="32"/>
                <line number="271" hits="32"/>
                <line number="272" hits="32"/>
                <line number="273" hits="32"/>
                <line number="274" hits="32"/>
                <line number="275" hits="32"/>
                <line number="276" hits="32"/>
                <line number="277" hits="32"/>
                <line number="278" hits="32"/>
                <line number="279" hits="32"/>
                <line number="280" hits="32"/>
                <line number="281" hits="32"/>
              </lines>
            </method>
            <method name="note" signature="" line-rate="1" branch-rate="0" complexity="1">
              <lines>
                <line number="289" hits="2"/>
                <line number="290" hits="2"/>
                <line number="291" hits="2"/>
                <line number="292" hits="2"/>
                <line number="293" hits="2"/>
              </lines>
            </method>
            <method name="tag" signature="" line-rate="1" branch-rate="0" complexity="1">
              <lines>
                <line number="301" hits="2"/>
                <line number="302" hits="2"/>
                <line number="303" hits="2"/>
                <line number="304" hits="2"/>
                <line number="305" hits="2"/>
              </lines>
            </method>
            <method name="team" signature="" line-rate="1" branch-rate="0" complexity="1">
              <lines>
                <line number="313" hits="2"/>
                <line number="314" hits="2"/>
                <line number="315" hits="2"/>
                <line number="316" hits="2"/>
                <line number="317" hits="2"/>
              </lines>
            </method>
          </methods>
          <lines>
            <line number="203" hits="32"/>
            <line number="204" hits="32"/>
            <line number="205" hits="32"/>
            <line number="206" hits="32"/>
            <line number="207" hits="32"/>
            <line number="208" hits="32"/>
            <line number="209" hits="32"/>
            <line number="210" hits="32"/>
            <line number="211" hits="32"/>
            <line number="212" hits="32"/>
            <line number="213" hits="32"/>
            <line number="214" hits="32"/>
            <line number="215" hits="32"/>
            <line number="216" hits="32"/>
            <line number="217" hits="32"/>
            <line number="218" hits="32"/>
            <line number="219" hits="32"/>
            <line number="220" hits="32"/>
            <line number="221" hits="32"/>
            <line number="222" hits="32"/>
            <line number="223" hits="32"/>
            <line number="224" hits="32"/>
            <line number="225" hits="32"/>
            <line number="226" hits="32"/>
            <line number="227" hits="32"/>
            <line number="228" hits="32"/>
            <line number="229" hits="32"/>
            <line number="230" hits="32"/>
            <line number="231" hits="32"/>
            <line number="232" hits="32"/>
            <line number="233" hits="32"/>
            <line number="234" hits="32"/>
            <line number="235" hits="32"/>
            <line number="236" hits="32"/>
            <line number="237" hits="32"/>
            <line number="238" hits="32"/>
            <line number="239" hits="32"/>
            <line number="240" hits="32"/>
            <line number="241" hits="32"/>
            <line number="242" hits="32"/>
            <line number="243" hits="32"/>
            <line number="244" hits="32"/>
            <line number="245" hits="32"/>
            <line number="246" hits="32"/>
            <line number="247" hits="32"/>
            <line number="248" hits="32"/>
            <line number="249" hits="32"/>
            <line number="250" hits="32"/>
            <line number="251" hits="32"/>
            <line number="252" hits="32"/>
            <line number="253" hits="32"/>
            <line number="254" hits="32"/>
            <line number="255" hits="32"/>
            <line number="256" hits="32"/>
            <line number="257" hits="32"/>
            <line number="258" hits="32"/>
            <line number="259" hits="32"/>
            <line number="260" hits="32"/>
            <line number="261" hits="32"/>
            <line number="262" hits="32"/>
            <line number="263" hits="32"/>
            <line number="264" hits="32"/>
            <line number="265" hits="32"/>
            <line number="266" hits="32"/>
            <line number="267" hits="32"/>
            <line number="268" hits="32"/>
            <line number="269" hits="32"/>
            <line number="270" hits="32"/>
            <line number="271" hits="32"/>
            <line number="272" hits="32"/>
            <line number="273" hits="32"/>
            <line number="274" hits="32"/>
            <line number="275" hits="32"/>
            <line number="276" hits="32"/>
            <line number="277" hits="32"/>
            <line number="278" hits="32"/>
            <line number="279" hits="32"/>
            <line number="280" hits="32"/>
            <line number="281" hits="32"/>
            <line number="289" hits="2"/>
            <line number="290" hits="2"/>
            <line number="291" hits="2"/>
            <line number="292" hits="2"/>
            <line number="293" hits="2"/>
            <line number="301" hits="2"/>
            <line number="302" hits="2"/>
            <line number="303" hits="2"/>
            <line number="304" hits="2"/>
            <line number="305" hits="2"/>
            <line number="313" hits="2"/>
            <line number="314" hits="2"/>
            <line number="315" hits="2"/>
            <line number="316" hits="2"/>
            <line number="317" hits="2"/>
          </lines>
        </class>
      </classes>
    </package>
    <package name="Models/Milestone.php" line-rate="1" branch-rate="0" complexity="14">
      <classes>
        <class name="Playground\Matrix\Models\Milestone" filename="Models/Milestone.php" line-rate="1" branch-rate="0" complexity="14">
          <methods>
            <method name="casts" signature="" line-rate="1" branch-rate="0" complexity="1">
              <lines>
                <line number="233" hits="30"/>
                <line number="234" hits="30"/>
                <line number="235" hits="30"/>
                <line number="236" hits="30"/>
                <line number="237" hits="30"/>
                <line number="238" hits="30"/>
                <line number="239" hits="30"/>
                <line number="240" hits="30"/>
                <line number="241" hits="30"/>
                <line number="242" hits="30"/>
                <line number="243" hits="30"/>
                <line number="244" hits="30"/>
                <line number="245" hits="30"/>
                <line number="246" hits="30"/>
                <line number="247" hits="30"/>
                <line number="248" hits="30"/>
                <line number="249" hits="30"/>
                <line number="250" hits="30"/>
                <line number="251" hits="30"/>
                <line number="252" hits="30"/>
                <line number="253" hits="30"/>
                <line number="254" hits="30"/>
                <line number="255" hits="30"/>
                <line number="256" hits="30"/>
                <line number="257" hits="30"/>
                <line number="258" hits="30"/>
                <line number="259" hits="30"/>
                <line number="260" hits="30"/>
                <line number="261" hits="30"/>
                <line number="262" hits="30"/>
                <line number="263" hits="30"/>
                <line number="264" hits="30"/>
                <line number="265" hits="30"/>
                <line number="266" hits="30"/>
                <line number="267" hits="30"/>
                <line number="268" hits="30"/>
                <line number="269" hits="30"/>
                <line number="270" hits="30"/>
                <line number="271" hits="30"/>
                <line number="272" hits="30"/>
                <line number="273" hits="30"/>
                <line number="274" hits="30"/>
                <line number="275" hits="30"/>
                <line number="276" hits="30"/>
                <line number="277" hits="30"/>
                <line number="278" hits="30"/>
                <line number="279" hits="30"/>
                <line number="280" hits="30"/>
                <line number="281" hits="30"/>
                <line number="282" hits="30"/>
                <line number="283" hits="30"/>
                <line number="284" hits="30"/>
                <line number="285" hits="30"/>
                <line number="286" hits="30"/>
                <line number="287" hits="30"/>
                <line number="288" hits="30"/>
                <line number="289" hits="30"/>
                <line number="290" hits="30"/>
                <line number="291" hits="30"/>
                <line number="292" hits="30"/>
                <line number="293" hits="30"/>
                <line number="294" hits="30"/>
                <line number="295" hits="30"/>
                <line number="296" hits="30"/>
                <line number="297" hits="30"/>
                <line number="298" hits="30"/>
                <line number="299" hits="30"/>
                <line number="300" hits="30"/>
                <line number="301" hits="30"/>
                <line number="302" hits="30"/>
                <line number="303" hits="30"/>
                <line number="304" hits="30"/>
                <line number="305" hits="30"/>
                <line number="306" hits="30"/>
                <line number="307" hits="30"/>
                <line number="308" hits="30"/>
                <line number="309" hits="30"/>
                <line number="310" hits="30"/>
                <line number="311" hits="30"/>
                <line number="312" hits="30"/>
                <line number="313" hits="30"/>
                <line number="314" hits="30"/>
              </lines>
            </method>
            <method name="backlog" signature="" line-rate="1" branch-rate="0" complexity="1">
              <lines>
                <line number="322" hits="2"/>
                <line number="323" hits="2"/>
                <line number="324" hits="2"/>
                <line number="325" hits="2"/>
                <line number="326" hits="2"/>
              </lines>
            </method>
            <method name="board" signature="" line-rate="1" branch-rate="0" complexity="1">
              <lines>
                <line number="334" hits="2"/>
                <line number="335" hits="2"/>
                <line number="336" hits="2"/>
                <line number="337" hits="2"/>
                <line number="338" hits="2"/>
              </lines>
            </method>
            <method name="epic" signature="" line-rate="1" branch-rate="0" complexity="1">
              <lines>
                <line number="346" hits="2"/>
                <line number="347" hits="2"/>
                <line number="348" hits="2"/>
                <line number="349" hits="2"/>
                <line number="350" hits="2"/>
              </lines>
            </method>
            <method name="flow" signature="" line-rate="1" branch-rate="0" complexity="1">
              <lines>
                <line number="358" hits="2"/>
                <line number="359" hits="2"/>
                <line number="360" hits="2"/>
                <line number="361" hits="2"/>
                <line number="362" hits="2"/>
              </lines>
            </method>
            <method name="project" signature="" line-rate="1" branch-rate="0" complexity="1">
              <lines>
                <line number="370" hits="2"/>
                <line number="371" hits="2"/>
                <line number="372" hits="2"/>
                <line number="373" hits="2"/>
                <line number="374" hits="2"/>
              </lines>
            </method>
            <method name="release" signature="" line-rate="1" branch-rate="0" complexity="1">
              <lines>
                <line number="382" hits="2"/>
                <line number="383" hits="2"/>
                <line number="384" hits="2"/>
                <line number="385" hits="2"/>
                <line number="386" hits="2"/>
              </lines>
            </method>
            <method name="roadmap" signature="" line-rate="1" branch-rate="0" complexity="1">
              <lines>
                <line number="394" hits="2"/>
                <line number="395" hits="2"/>
                <line number="396" hits="2"/>
                <line number="397" hits="2"/>
                <line number="398" hits="2"/>
              </lines>
            </method>
            <method name="source" signature="" line-rate="1" branch-rate="0" complexity="1">
              <lines>
                <line number="406" hits="2"/>
                <line number="407" hits="2"/>
                <line number="408" hits="2"/>
                <line number="409" hits="2"/>
                <line number="410" hits="2"/>
              </lines>
            </method>
            <method name="sprint" signature="" line-rate="1" branch-rate="0" complexity="1">
              <lines>
                <line number="418" hits="2"/>
                <line number="419" hits="2"/>
                <line number="420" hits="2"/>
                <line number="421" hits="2"/>
                <line number="422" hits="2"/>
              </lines>
            </method>
            <method name="tag" signature="" line-rate="1" branch-rate="0" complexity="1">
              <lines>
                <line number="430" hits="2"/>
                <line number="431" hits="2"/>
                <line number="432" hits="2"/>
                <line number="433" hits="2"/>
                <line number="434" hits="2"/>
              </lines>
            </method>
            <method name="team" signature="" line-rate="1" branch-rate="0" complexity="1">
              <lines>
                <line number="442" hits="2"/>
                <line number="443" hits="2"/>
                <line number="444" hits="2"/>
                <line number="445" hits="2"/>
                <line number="446" hits="2"/>
              </lines>
            </method>
            <method name="ticket" signature="" line-rate="1" branch-rate="0" complexity="1">
              <lines>
                <line number="454" hits="2"/>
                <line number="455" hits="2"/>
                <line number="456" hits="2"/>
                <line number="457" hits="2"/>
                <line number="458" hits="2"/>
              </lines>
            </method>
            <method name="version" signature="" line-rate="1" branch-rate="0" complexity="1">
              <lines>
                <line number="466" hits="2"/>
                <line number="467" hits="2"/>
                <line number="468" hits="2"/>
                <line number="469" hits="2"/>
                <line number="470" hits="2"/>
              </lines>
            </method>
          </methods>
          <lines>
            <line number="233" hits="30"/>
            <line number="234" hits="30"/>
            <line number="235" hits="30"/>
            <line number="236" hits="30"/>
            <line number="237" hits="30"/>
            <line number="238" hits="30"/>
            <line number="239" hits="30"/>
            <line number="240" hits="30"/>
            <line number="241" hits="30"/>
            <line number="242" hits="30"/>
            <line number="243" hits="30"/>
            <line number="244" hits="30"/>
            <line number="245" hits="30"/>
            <line number="246" hits="30"/>
            <line number="247" hits="30"/>
            <line number="248" hits="30"/>
            <line number="249" hits="30"/>
            <line number="250" hits="30"/>
            <line number="251" hits="30"/>
            <line number="252" hits="30"/>
            <line number="253" hits="30"/>
            <line number="254" hits="30"/>
            <line number="255" hits="30"/>
            <line number="256" hits="30"/>
            <line number="257" hits="30"/>
            <line number="258" hits="30"/>
            <line number="259" hits="30"/>
            <line number="260" hits="30"/>
            <line number="261" hits="30"/>
            <line number="262" hits="30"/>
            <line number="263" hits="30"/>
            <line number="264" hits="30"/>
            <line number="265" hits="30"/>
            <line number="266" hits="30"/>
            <line number="267" hits="30"/>
            <line number="268" hits="30"/>
            <line number="269" hits="30"/>
            <line number="270" hits="30"/>
            <line number="271" hits="30"/>
            <line number="272" hits="30"/>
            <line number="273" hits="30"/>
            <line number="274" hits="30"/>
            <line number="275" hits="30"/>
            <line number="276" hits="30"/>
            <line number="277" hits="30"/>
            <line number="278" hits="30"/>
            <line number="279" hits="30"/>
            <line number="280" hits="30"/>
            <line number="281" hits="30"/>
            <line number="282" hits="30"/>
            <line number="283" hits="30"/>
            <line number="284" hits="30"/>
            <line number="285" hits="30"/>
            <line number="286" hits="30"/>
            <line number="287" hits="30"/>
            <line number="288" hits="30"/>
            <line number="289" hits="30"/>
            <line number="290" hits="30"/>
            <line number="291" hits="30"/>
            <line number="292" hits="30"/>
            <line number="293" hits="30"/>
            <line number="294" hits="30"/>
            <line number="295" hits="30"/>
            <line number="296" hits="30"/>
            <line number="297" hits="30"/>
            <line number="298" hits="30"/>
            <line number="299" hits="30"/>
            <line number="300" hits="30"/>
            <line number="301" hits="30"/>
            <line number="302" hits="30"/>
            <line number="303" hits="30"/>
            <line number="304" hits="30"/>
            <line number="305" hits="30"/>
            <line number="306" hits="30"/>
            <line number="307" hits="30"/>
            <line number="308" hits="30"/>
            <line number="309" hits="30"/>
            <line number="310" hits="30"/>
            <line number="311" hits="30"/>
            <line number="312" hits="30"/>
            <line number="313" hits="30"/>
            <line number="314" hits="30"/>
            <line number="322" hits="2"/>
            <line number="323" hits="2"/>
            <line number="324" hits="2"/>
            <line number="325" hits="2"/>
            <line number="326" hits="2"/>
            <line number="334" hits="2"/>
            <line number="335" hits="2"/>
            <line number="336" hits="2"/>
            <line number="337" hits="2"/>
            <line number="338" hits="2"/>
            <line number="346" hits="2"/>
            <line number="347" hits="2"/>
            <line number="348" hits="2"/>
            <line number="349" hits="2"/>
            <line number="350" hits="2"/>
            <line number="358" hits="2"/>
            <line number="359" hits="2"/>
            <line number="360" hits="2"/>
            <line number="361" hits="2"/>
            <line number="362" hits="2"/>
            <line number="370" hits="2"/>
            <line number="371" hits="2"/>
            <line number="372" hits="2"/>
            <line number="373" hits="2"/>
            <line number="374" hits="2"/>
            <line number="382" hits="2"/>
            <line number="383" hits="2"/>
            <line number="384" hits="2"/>
            <line number="385" hits="2"/>
            <line number="386" hits="2"/>
            <line number="394" hits="2"/>
            <line number="395" hits="2"/>
            <line number="396" hits="2"/>
            <line number="397" hits="2"/>
            <line number="398" hits="2"/>
            <line number="406" hits="2"/>
            <line number="407" hits="2"/>
            <line number="408" hits="2"/>
            <line number="409" hits="2"/>
            <line number="410" hits="2"/>
            <line number="418" hits="2"/>
            <line number="419" hits="2"/>
            <line number="420" hits="2"/>
            <line number="421" hits="2"/>
            <line number="422" hits="2"/>
            <line number="430" hits="2"/>
            <line number="431" hits="2"/>
            <line number="432" hits="2"/>
            <line number="433" hits="2"/>
            <line number="434" hits="2"/>
            <line number="442" hits="2"/>
            <line number="443" hits="2"/>
            <line number="444" hits="2"/>
            <line number="445" hits="2"/>
            <line number="446" hits="2"/>
            <line number="454" hits="2"/>
            <line number="455" hits="2"/>
            <line number="456" hits="2"/>
            <line number="457" hits="2"/>
            <line number="458" hits="2"/>
            <line number="466" hits="2"/>
            <line number="467" hits="2"/>
            <line number="468" hits="2"/>
            <line number="469" hits="2"/>
            <line number="470" hits="2"/>
          </lines>
        </class>
      </classes>
    </package>
    <package name="Models/Note.php" line-rate="1" branch-rate="0" complexity="1">
      <classes>
        <class name="Playground\Matrix\Models\Note" filename="Models/Note.php" line-rate="1" branch-rate="0" complexity="1">
          <methods>
            <method name="casts" signature="" line-rate="1" branch-rate="0" complexity="1">
              <lines>
                <line number="204" hits="8"/>
                <line number="205" hits="8"/>
                <line number="206" hits="8"/>
                <line number="207" hits="8"/>
                <line number="208" hits="8"/>
                <line number="209" hits="8"/>
                <line number="210" hits="8"/>
                <line number="211" hits="8"/>
                <line number="212" hits="8"/>
                <line number="213" hits="8"/>
                <line number="214" hits="8"/>
                <line number="215" hits="8"/>
                <line number="216" hits="8"/>
                <line number="217" hits="8"/>
                <line number="218" hits="8"/>
                <line number="219" hits="8"/>
                <line number="220" hits="8"/>
                <line number="221" hits="8"/>
                <line number="222" hits="8"/>
                <line number="223" hits="8"/>
                <line number="224" hits="8"/>
                <line number="225" hits="8"/>
                <line number="226" hits="8"/>
                <line number="227" hits="8"/>
                <line number="228" hits="8"/>
                <line number="229" hits="8"/>
                <line number="230" hits="8"/>
                <line number="231" hits="8"/>
                <line number="232" hits="8"/>
                <line number="233" hits="8"/>
                <line number="234" hits="8"/>
                <line number="235" hits="8"/>
                <line number="236" hits="8"/>
                <line number="237" hits="8"/>
                <line number="238" hits="8"/>
                <line number="239" hits="8"/>
                <line number="240" hits="8"/>
                <line number="241" hits="8"/>
                <line number="242" hits="8"/>
                <line number="243" hits="8"/>
                <line number="244" hits="8"/>
                <line number="245" hits="8"/>
                <line number="246" hits="8"/>
                <line number="247" hits="8"/>
                <line number="248" hits="8"/>
                <line number="249" hits="8"/>
                <line number="250" hits="8"/>
                <line number="251" hits="8"/>
                <line number="252" hits="8"/>
                <line number="253" hits="8"/>
                <line number="254" hits="8"/>
                <line number="255" hits="8"/>
                <line number="256" hits="8"/>
                <line number="257" hits="8"/>
                <line number="258" hits="8"/>
                <line number="259" hits="8"/>
                <line number="260" hits="8"/>
                <line number="261" hits="8"/>
                <line number="262" hits="8"/>
                <line number="263" hits="8"/>
                <line number="264" hits="8"/>
                <line number="265" hits="8"/>
                <line number="266" hits="8"/>
                <line number="267" hits="8"/>
                <line number="268" hits="8"/>
                <line number="269" hits="8"/>
                <line number="270" hits="8"/>
                <line number="271" hits="8"/>
                <line number="272" hits="8"/>
                <line number="273" hits="8"/>
                <line number="274" hits="8"/>
                <line number="275" hits="8"/>
                <line number="276" hits="8"/>
                <line number="277" hits="8"/>
                <line number="278" hits="8"/>
                <line number="279" hits="8"/>
                <line number="280" hits="8"/>
                <line number="281" hits="8"/>
                <line number="282" hits="8"/>
                <line number="283" hits="8"/>
                <line number="284" hits="8"/>
                <line number="285" hits="8"/>
              </lines>
            </method>
          </methods>
          <lines>
            <line number="204" hits="8"/>
            <line number="205" hits="8"/>
            <line number="206" hits="8"/>
            <line number="207" hits="8"/>
            <line number="208" hits="8"/>
            <line number="209" hits="8"/>
            <line number="210" hits="8"/>
            <line number="211" hits="8"/>
            <line number="212" hits="8"/>
            <line number="213" hits="8"/>
            <line number="214" hits="8"/>
            <line number="215" hits="8"/>
            <line number="216" hits="8"/>
            <line number="217" hits="8"/>
            <line number="218" hits="8"/>
            <line number="219" hits="8"/>
            <line number="220" hits="8"/>
            <line number="221" hits="8"/>
            <line number="222" hits="8"/>
            <line number="223" hits="8"/>
            <line number="224" hits="8"/>
            <line number="225" hits="8"/>
            <line number="226" hits="8"/>
            <line number="227" hits="8"/>
            <line number="228" hits="8"/>
            <line number="229" hits="8"/>
            <line number="230" hits="8"/>
            <line number="231" hits="8"/>
            <line number="232" hits="8"/>
            <line number="233" hits="8"/>
            <line number="234" hits="8"/>
            <line number="235" hits="8"/>
            <line number="236" hits="8"/>
            <line number="237" hits="8"/>
            <line number="238" hits="8"/>
            <line number="239" hits="8"/>
            <line number="240" hits="8"/>
            <line number="241" hits="8"/>
            <line number="242" hits="8"/>
            <line number="243" hits="8"/>
            <line number="244" hits="8"/>
            <line number="245" hits="8"/>
            <line number="246" hits="8"/>
            <line number="247" hits="8"/>
            <line number="248" hits="8"/>
            <line number="249" hits="8"/>
            <line number="250" hits="8"/>
            <line number="251" hits="8"/>
            <line number="252" hits="8"/>
            <line number="253" hits="8"/>
            <line number="254" hits="8"/>
            <line number="255" hits="8"/>
            <line number="256" hits="8"/>
            <line number="257" hits="8"/>
            <line number="258" hits="8"/>
            <line number="259" hits="8"/>
            <line number="260" hits="8"/>
            <line number="261" hits="8"/>
            <line number="262" hits="8"/>
            <line number="263" hits="8"/>
            <line number="264" hits="8"/>
            <line number="265" hits="8"/>
[...]
                <line number="244" hits="30"/>
                <line number="245" hits="30"/>
                <line number="246" hits="30"/>
                <line number="247" hits="30"/>
                <line number="248" hits="30"/>
                <line number="249" hits="30"/>
                <line number="250" hits="30"/>
                <line number="251" hits="30"/>
                <line number="252" hits="30"/>
                <line number="253" hits="30"/>
                <line number="254" hits="30"/>
                <line number="255" hits="30"/>
                <line number="256" hits="30"/>
                <line number="257" hits="30"/>
                <line number="258" hits="30"/>
                <line number="259" hits="30"/>
                <line number="260" hits="30"/>
                <line number="261" hits="30"/>
                <line number="262" hits="30"/>
                <line number="263" hits="30"/>
                <line number="264" hits="30"/>
                <line number="265" hits="30"/>
                <line number="266" hits="30"/>
                <line number="267" hits="30"/>
                <line number="268" hits="30"/>
                <line number="269" hits="30"/>
                <line number="270" hits="30"/>
                <line number="271" hits="30"/>
                <line number="272" hits="30"/>
                <line number="273" hits="30"/>
                <line number="274" hits="30"/>
                <line number="275" hits="30"/>
                <line number="276" hits="30"/>
                <line number="277" hits="30"/>
                <line number="278" hits="30"/>
                <line number="279" hits="30"/>
                <line number="280" hits="30"/>
                <line number="281" hits="30"/>
                <line number="282" hits="30"/>
                <line number="283" hits="30"/>
                <line number="284" hits="30"/>
                <line number="285" hits="30"/>
                <line number="286" hits="30"/>
                <line number="287" hits="30"/>
                <line number="288" hits="30"/>
                <line number="289" hits="30"/>
                <line number="290" hits="30"/>
                <line number="291" hits="30"/>
                <line number="292" hits="30"/>
                <line number="293" hits="30"/>
                <line number="294" hits="30"/>
                <line number="295" hits="30"/>
                <line number="296" hits="30"/>
                <line number="297" hits="30"/>
                <line number="298" hits="30"/>
                <line number="299" hits="30"/>
                <line number="300" hits="30"/>
                <line number="301" hits="30"/>
                <line number="302" hits="30"/>
                <line number="303" hits="30"/>
                <line number="304" hits="30"/>
                <line number="305" hits="30"/>
                <line number="306" hits="30"/>
                <line number="307" hits="30"/>
                <line number="308" hits="30"/>
                <line number="309" hits="30"/>
                <line number="310" hits="30"/>
                <line number="311" hits="30"/>
                <line number="312" hits="30"/>
                <line number="313" hits="30"/>
                <line number="314" hits="30"/>
              </lines>
            </method>
            <method name="backlog" signature="" line-rate="1" branch-rate="0" complexity="1">
              <lines>
                <line number="322" hits="2"/>
                <line number="323" hits="2"/>
                <line number="324" hits="2"/>
                <line number="325" hits="2"/>
                <line number="326" hits="2"/>
              </lines>
            </method>
            <method name="board" signature="" line-rate="1" branch-rate="0" complexity="1">
              <lines>
                <line number="334" hits="2"/>
                <line number="335" hits="2"/>
                <line number="336" hits="2"/>
                <line number="337" hits="2"/>
                <line number="338" hits="2"/>
              </lines>
            </method>
            <method name="epic" signature="" line-rate="1" branch-rate="0" complexity="1">
              <lines>
                <line number="346" hits="2"/>
                <line number="347" hits="2"/>
                <line number="348" hits="2"/>
                <line number="349" hits="2"/>
                <line number="350" hits="2"/>
              </lines>
            </method>
            <method name="flow" signature="" line-rate="1" branch-rate="0" complexity="1">
              <lines>
                <line number="358" hits="2"/>
                <line number="359" hits="2"/>
                <line number="360" hits="2"/>
                <line number="361" hits="2"/>
                <line number="362" hits="2"/>
              </lines>
            </method>
            <method name="milestone" signature="" line-rate="1" branch-rate="0" complexity="1">
              <lines>
                <line number="370" hits="2"/>
                <line number="371" hits="2"/>
                <line number="372" hits="2"/>
                <line number="373" hits="2"/>
                <line number="374" hits="2"/>
              </lines>
            </method>
            <method name="project" signature="" line-rate="1" branch-rate="0" complexity="1">
              <lines>
                <line number="382" hits="2"/>
                <line number="383" hits="2"/>
                <line number="384" hits="2"/>
                <line number="385" hits="2"/>
                <line number="386" hits="2"/>
              </lines>
            </method>
            <method name="release" signature="" line-rate="1" branch-rate="0" complexity="1">
              <lines>
                <line number="394" hits="2"/>
                <line number="395" hits="2"/>
                <line number="396" hits="2"/>
                <line number="397" hits="2"/>
                <line number="398" hits="2"/>
              </lines>
            </method>
            <method name="roadmap" signature="" line-rate="1" branch-rate="0" complexity="1">
              <lines>
                <line number="406" hits="2"/>
                <line number="407" hits="2"/>
                <line number="408" hits="2"/>
                <line number="409" hits="2"/>
                <line number="410" hits="2"/>
              </lines>
            </method>
            <method name="source" signature="" line-rate="1" branch-rate="0" complexity="1">
              <lines>
                <line number="418" hits="2"/>
                <line number="419" hits="2"/>
                <line number="420" hits="2"/>
                <line number="421" hits="2"/>
                <line number="422" hits="2"/>
              </lines>
            </method>
            <method name="sprint" signature="" line-rate="1" branch-rate="0" complexity="1">
              <lines>
                <line number="430" hits="2"/>
                <line number="431" hits="2"/>
                <line number="432" hits="2"/>
                <line number="433" hits="2"/>
                <line number="434" hits="2"/>
              </lines>
            </method>
            <method name="tag" signature="" line-rate="1" branch-rate="0" complexity="1">
              <lines>
                <line number="442" hits="2"/>
                <line number="443" hits="2"/>
                <line number="444" hits="2"/>
                <line number="445" hits="2"/>
                <line number="446" hits="2"/>
              </lines>
            </method>
            <method name="team" signature="" line-rate="1" branch-rate="0" complexity="1">
              <lines>
                <line number="454" hits="2"/>
                <line number="455" hits="2"/>
                <line number="456" hits="2"/>
                <line number="457" hits="2"/>
                <line number="458" hits="2"/>
              </lines>
            </method>
            <method name="ticket" signature="" line-rate="1" branch-rate="0" complexity="1">
              <lines>
                <line number="466" hits="2"/>
                <line number="467" hits="2"/>
                <line number="468" hits="2"/>
                <line number="469" hits="2"/>
                <line number="470" hits="2"/>
              </lines>
            </method>
          </methods>
          <lines>
            <line number="233" hits="30"/>
            <line number="234" hits="30"/>
            <line number="235" hits="30"/>
            <line number="236" hits="30"/>
            <line number="237" hits="30"/>
            <line number="238" hits="30"/>
            <line number="239" hits="30"/>
            <line number="240" hits="30"/>
            <line number="241" hits="30"/>
            <line number="242" hits="30"/>
            <line number="243" hits="30"/>
            <line number="244" hits="30"/>
            <line number="245" hits="30"/>
            <line number="246" hits="30"/>
            <line number="247" hits="30"/>
            <line number="248" hits="30"/>
            <line number="249" hits="30"/>
            <line number="250" hits="30"/>
            <line number="251" hits="30"/>
            <line number="252" hits="30"/>
            <line number="253" hits="30"/>
            <line number="254" hits="30"/>
            <line number="255" hits="30"/>
            <line number="256" hits="30"/>
            <line number="257" hits="30"/>
            <line number="258" hits="30"/>
            <line number="259" hits="30"/>
            <line number="260" hits="30"/>
            <line number="261" hits="30"/>
            <line number="262" hits="30"/>
            <line number="263" hits="30"/>
            <line number="264" hits="30"/>
            <line number="265" hits="30"/>
            <line number="266" hits="30"/>
            <line number="267" hits="30"/>
            <line number="268" hits="30"/>
            <line number="269" hits="30"/>
            <line number="270" hits="30"/>
            <line number="271" hits="30"/>
            <line number="272" hits="30"/>
            <line number="273" hits="30"/>
            <line number="274" hits="30"/>
            <line number="275" hits="30"/>
            <line number="276" hits="30"/>
            <line number="277" hits="30"/>
            <line number="278" hits="30"/>
            <line number="279" hits="30"/>
            <line number="280" hits="30"/>
            <line number="281" hits="30"/>
            <line number="282" hits="30"/>
            <line number="283" hits="30"/>
            <line number="284" hits="30"/>
            <line number="285" hits="30"/>
            <line number="286" hits="30"/>
            <line number="287" hits="30"/>
            <line number="288" hits="30"/>
            <line number="289" hits="30"/>
            <line number="290" hits="30"/>
            <line number="291" hits="30"/>
            <line number="292" hits="30"/>
            <line number="293" hits="30"/>
            <line number="294" hits="30"/>
            <line number="295" hits="30"/>
            <line number="296" hits="30"/>
            <line number="297" hits="30"/>
            <line number="298" hits="30"/>
            <line number="299" hits="30"/>
            <line number="300" hits="30"/>
            <line number="301" hits="30"/>
            <line number="302" hits="30"/>
            <line number="303" hits="30"/>
            <line number="304" hits="30"/>
            <line number="305" hits="30"/>
            <line number="306" hits="30"/>
            <line number="307" hits="30"/>
            <line number="308" hits="30"/>
            <line number="309" hits="30"/>
            <line number="310" hits="30"/>
            <line number="311" hits="30"/>
            <line number="312" hits="30"/>
            <line number="313" hits="30"/>
            <line number="314" hits="30"/>
            <line number="322" hits="2"/>
            <line number="323" hits="2"/>
            <line number="324" hits="2"/>
            <line number="325" hits="2"/>
            <line number="326" hits="2"/>
            <line number="334" hits="2"/>
            <line number="335" hits="2"/>
            <line number="336" hits="2"/>
            <line number="337" hits="2"/>
            <line number="338" hits="2"/>
            <line number="346" hits="2"/>
            <line number="347" hits="2"/>
            <line number="348" hits="2"/>
            <line number="349" hits="2"/>
            <line number="350" hits="2"/>
            <line number="358" hits="2"/>
            <line number="359" hits="2"/>
            <line number="360" hits="2"/>
            <line number="361" hits="2"/>
            <line number="362" hits="2"/>
            <line number="370" hits="2"/>
            <line number="371" hits="2"/>
            <line number="372" hits="2"/>
            <line number="373" hits="2"/>
            <line number="374" hits="2"/>
            <line number="382" hits="2"/>
            <line number="383" hits="2"/>
            <line number="384" hits="2"/>
            <line number="385" hits="2"/>
            <line number="386" hits="2"/>
            <line number="394" hits="2"/>
            <line number="395" hits="2"/>
            <line number="396" hits="2"/>
            <line number="397" hits="2"/>
            <line number="398" hits="2"/>
            <line number="406" hits="2"/>
            <line number="407" hits="2"/>
            <line number="408" hits="2"/>
            <line number="409" hits="2"/>
            <line number="410" hits="2"/>
            <line number="418" hits="2"/>
            <line number="419" hits="2"/>
            <line number="420" hits="2"/>
            <line number="421" hits="2"/>
            <line number="422" hits="2"/>
            <line number="430" hits="2"/>
            <line number="431" hits="2"/>
            <line number="432" hits="2"/>
            <line number="433" hits="2"/>
            <line number="434" hits="2"/>
            <line number="442" hits="2"/>
            <line number="443" hits="2"/>
            <line number="444" hits="2"/>
            <line number="445" hits="2"/>
            <line number="446" hits="2"/>
            <line number="454" hits="2"/>
            <line number="455" hits="2"/>
            <line number="456" hits="2"/>
            <line number="457" hits="2"/>
            <line number="458" hits="2"/>
            <line number="466" hits="2"/>
            <line number="467" hits="2"/>
            <line number="468" hits="2"/>
            <line number="469" hits="2"/>
            <line number="470" hits="2"/>
          </lines>
        </class>
      </classes>
    </package>
    <package name="ServiceProvider.php" line-rate="1" branch-rate="0" complexity="15">
      <classes>
        <class name="Playground\Matrix\ServiceProvider" filename="ServiceProvider.php" line-rate="1" branch-rate="0" complexity="15">
          <methods>
            <method name="boot" signature="" line-rate="1" branch-rate="0" complexity="6">
              <lines>
                <line number="32" hits="90"/>
                <line number="34" hits="90"/>
                <line number="36" hits="90"/>
                <line number="38" hits="90"/>
                <line number="39" hits="90"/>
                <line number="40" hits="90"/>
                <line number="43" hits="90"/>
                <line number="46" hits="90"/>
                <line number="47" hits="90"/>
                <line number="52" hits="90"/>
                <line number="53" hits="90"/>
              </lines>
            </method>
            <method name="register" signature="" line-rate="1" branch-rate="0" complexity="1">
              <lines>
                <line number="62" hits="90"/>
                <line number="63" hits="90"/>
                <line number="64" hits="90"/>
                <line number="65" hits="90"/>
              </lines>
            </method>
            <method name="publishMigrations" signature="" line-rate="1" branch-rate="0" complexity="2">
              <lines>
                <line number="70" hits="90"/>
                <line number="72" hits="90"/>
                <line number="73" hits="90"/>
                <line number="74" hits="90"/>
                <line number="75" hits="90"/>
                <line number="76" hits="90"/>
                <line number="77" hits="90"/>
                <line number="78" hits="90"/>
                <line number="79" hits="90"/>
                <line number="80" hits="90"/>
                <line number="81" hits="90"/>
                <line number="82" hits="90"/>
                <line number="83" hits="90"/>
                <line number="84" hits="90"/>
                <line number="85" hits="90"/>
                <line number="86" hits="90"/>
                <line number="87" hits="90"/>
                <line number="88" hits="90"/>
                <line number="89" hits="90"/>
                <line number="92" hits="90"/>
              </lines>
            </method>
            <method name="about" signature="" line-rate="1" branch-rate="0" complexity="5">
              <lines>
                <line number="97" hits="90"/>
                <line number="98" hits="90"/>
                <line number="100" hits="90"/>
                <line number="102" hits="90"/>
                <line number="104" hits="90"/>
                <line number="105" hits="90"/>
                <line number="106" hits="90"/>
                <line number="107" hits="90"/>
                <line number="108" hits="90"/>
              </lines>
            </method>
            <method name="version" signature="" line-rate="1" branch-rate="0" complexity="1">
              <lines>
                <line number="113" hits="90"/>
              </lines>
            </method>
          </methods>
          <lines>
            <line number="32" hits="90"/>
            <line number="34" hits="90"/>
            <line number="36" hits="90"/>
            <line number="38" hits="90"/>
            <line number="39" hits="90"/>
            <line number="40" hits="90"/>
            <line number="43" hits="90"/>
            <line number="46" hits="90"/>
            <line number="47" hits="90"/>
            <line number="52" hits="90"/>
            <line number="53" hits="90"/>
            <line number="62" hits="90"/>
            <line number="63" hits="90"/>
            <line number="64" hits="90"/>
            <line number="65" hits="90"/>
            <line number="70" hits="90"/>
            <line number="72" hits="90"/>
            <line number="73" hits="90"/>
            <line number="74" hits="90"/>
            <line number="75" hits="90"/>
            <line number="76" hits="90"/>
            <line number="77" hits="90"/>
            <line number="78" hits="90"/>
            <line number="79" hits="90"/>
            <line number="80" hits="90"/>
            <line number="81" hits="90"/>
            <line number="82" hits="90"/>
            <line number="83" hits="90"/>
            <line number="84" hits="90"/>
            <line number="85" hits="90"/>
            <line number="86" hits="90"/>
            <line number="87" hits="90"/>
            <line number="88" hits="90"/>
            <line number="89" hits="90"/>
            <line number="92" hits="90"/>
            <line number="97" hits="90"/>
            <line number="98" hits="90"/>
            <line number="100" hits="90"/>
            <line number="102" hits="90"/>
            <line number="104" hits="90"/>
            <line number="105" hits="90"/>
            <line number="106" hits="90"/>
            <line number="107" hits="90"/>
            <line number="108" hits="90"/>
            <line number="113" hits="90"/>
          </lines>
        </class>
      </classes>
    </package>
  </packages>
</coverage>
